ERROR - 2024-09-13 04:55:55 --> Error connecting to the database: mysqli_sql_exception: Aucune connexion n’a pu être établie car l’ordinateur cible l’a expressément refusée in C:\laragon\www\IGGLIA3ATsilavinaN13\system\Database\MySQLi\Connection.php:187
Stack trace:
#0 C:\laragon\www\IGGLIA3ATsilavinaN13\system\Database\MySQLi\Connection.php(187): mysqli->real_connect('localhost', 'root', '', 'bibliotheque', 3306, '', 0)
#1 C:\laragon\www\IGGLIA3ATsilavinaN13\system\Database\BaseConnection.php(421): CodeIgniter\Database\MySQLi\Connection->connect(false)
#2 C:\laragon\www\IGGLIA3ATsilavinaN13\system\Database\BaseConnection.php(616): CodeIgniter\Database\BaseConnection->initialize()
#3 C:\laragon\www\IGGLIA3ATsilavinaN13\system\Database\BaseBuilder.php(1644): CodeIgniter\Database\BaseConnection->query('SELECT *\nFROM `...', Array, false)
#4 C:\laragon\www\IGGLIA3ATsilavinaN13\system\Model.php(330): CodeIgniter\Database\BaseBuilder->get()
#5 C:\laragon\www\IGGLIA3ATsilavinaN13\system\BaseModel.php(714): CodeIgniter\Model->doFirst()
#6 C:\laragon\www\IGGLIA3ATsilavinaN13\app\Controllers\Home.php(147): CodeIgniter\BaseModel->first()
#7 C:\laragon\www\IGGLIA3ATsilavinaN13\system\CodeIgniter.php(933): App\Controllers\Home->loginClick()
#8 C:\laragon\www\IGGLIA3ATsilavinaN13\system\CodeIgniter.php(509): CodeIgniter\CodeIgniter->runController(Object(App\Controllers\Home))
#9 C:\laragon\www\IGGLIA3ATsilavinaN13\system\CodeIgniter.php(355): CodeIgniter\CodeIgniter->handleRequest(NULL, Object(Config\Cache), false)
#10 C:\laragon\www\IGGLIA3ATsilavinaN13\system\Boot.php(325): CodeIgniter\CodeIgniter->run()
#11 C:\laragon\www\IGGLIA3ATsilavinaN13\system\Boot.php(67): CodeIgniter\Boot::runCodeIgniter(Object(CodeIgniter\CodeIgniter))
#12 C:\laragon\www\IGGLIA3ATsilavinaN13\public\index.php(56): CodeIgniter\Boot::bootWeb(Object(Config\Paths))
#13 C:\laragon\www\IGGLIA3ATsilavinaN13\system\rewrite.php(44): require_once('C:\\laragon\\www\\...')
#14 {main}

Next CodeIgniter\Database\Exceptions\DatabaseException: Aucune connexion n’a pu être établie car l’ordinateur cible l’a expressément refusée in C:\laragon\www\IGGLIA3ATsilavinaN13\system\Database\MySQLi\Connection.php:231
Stack trace:
#0 C:\laragon\www\IGGLIA3ATsilavinaN13\system\Database\BaseConnection.php(421): CodeIgniter\Database\MySQLi\Connection->connect(false)
#1 C:\laragon\www\IGGLIA3ATsilavinaN13\system\Database\BaseConnection.php(616): CodeIgniter\Database\BaseConnection->initialize()
#2 C:\laragon\www\IGGLIA3ATsilavinaN13\system\Database\BaseBuilder.php(1644): CodeIgniter\Database\BaseConnection->query('SELECT *\nFROM `...', Array, false)
#3 C:\laragon\www\IGGLIA3ATsilavinaN13\system\Model.php(330): CodeIgniter\Database\BaseBuilder->get()
#4 C:\laragon\www\IGGLIA3ATsilavinaN13\system\BaseModel.php(714): CodeIgniter\Model->doFirst()
#5 C:\laragon\www\IGGLIA3ATsilavinaN13\app\Controllers\Home.php(147): CodeIgniter\BaseModel->first()
#6 C:\laragon\www\IGGLIA3ATsilavinaN13\system\CodeIgniter.php(933): App\Controllers\Home->loginClick()
#7 C:\laragon\www\IGGLIA3ATsilavinaN13\system\CodeIgniter.php(509): CodeIgniter\CodeIgniter->runController(Object(App\Controllers\Home))
#8 C:\laragon\www\IGGLIA3ATsilavinaN13\system\CodeIgniter.php(355): CodeIgniter\CodeIgniter->handleRequest(NULL, Object(Config\Cache), false)
#9 C:\laragon\www\IGGLIA3ATsilavinaN13\system\Boot.php(325): CodeIgniter\CodeIgniter->run()
#10 C:\laragon\www\IGGLIA3ATsilavinaN13\system\Boot.php(67): CodeIgniter\Boot::runCodeIgniter(Object(CodeIgniter\CodeIgniter))
#11 C:\laragon\www\IGGLIA3ATsilavinaN13\public\index.php(56): CodeIgniter\Boot::bootWeb(Object(Config\Paths))
#12 C:\laragon\www\IGGLIA3ATsilavinaN13\system\rewrite.php(44): require_once('C:\\laragon\\www\\...')
#13 {main}
CRITICAL - 2024-09-13 04:55:55 --> CodeIgniter\Database\Exceptions\DatabaseException: Unable to connect to the database.
Main connection [MySQLi]: Aucune connexion n’a pu être établie car l’ordinateur cible l’a expressément refusée
[Method: POST, Route: loginclick]
in SYSTEMPATH\Database\BaseConnection.php on line 467.
 1 SYSTEMPATH\Database\BaseConnection.php(616): CodeIgniter\Database\BaseConnection->initialize()
 2 SYSTEMPATH\Database\BaseBuilder.php(1644): CodeIgniter\Database\BaseConnection->query('SELECT *
FROM `user`
WHERE `username` = :username:
 LIMIT 1', [...], false)
 3 SYSTEMPATH\Model.php(330): CodeIgniter\Database\BaseBuilder->get()
 4 SYSTEMPATH\BaseModel.php(714): CodeIgniter\Model->doFirst()
 5 APPPATH\Controllers\Home.php(147): CodeIgniter\BaseModel->first()
 6 SYSTEMPATH\CodeIgniter.php(933): App\Controllers\Home->loginClick()
 7 SYSTEMPATH\CodeIgniter.php(509): CodeIgniter\CodeIgniter->runController(Object(App\Controllers\Home))
 8 SYSTEMPATH\CodeIgniter.php(355): CodeIgniter\CodeIgniter->handleRequest(null, Object(Config\Cache), false)
 9 SYSTEMPATH\Boot.php(325): CodeIgniter\CodeIgniter->run()
10 SYSTEMPATH\Boot.php(67): CodeIgniter\Boot::runCodeIgniter(Object(CodeIgniter\CodeIgniter))
11 FCPATH\index.php(56): CodeIgniter\Boot::bootWeb(Object(Config\Paths))
12 SYSTEMPATH\rewrite.php(44): require_once('C:\\laragon\\www\\IGGLIA3ATsilavinaN13\\public\\index.php')
INFO - 2024-09-13 04:56:20 --> Session: Class initialized using 'CodeIgniter\Session\Handlers\FileHandler' driver.
