CRITICAL - 2024-09-05 00:05:45 --> CodeIgniter\HTTP\Exceptions\BadRequestException: The URI you submitted has disallowed characters: "0000000038&Harry Potter"
[Method: GET, Route: client/RendreLivre/0000000038&Harry%20Potter]
in SYSTEMPATH\Router\Router.php on line 737.
 1 SYSTEMPATH\Router\Router.php(204): CodeIgniter\Router\Router->checkDisallowedChars('client/RendreLivre/0000000038&Harry Potter')
 2 SYSTEMPATH\CodeIgniter.php(834): CodeIgniter\Router\Router->handle('client/RendreLivre/0000000038&Harry Potter')
 3 SYSTEMPATH\CodeIgniter.php(457): CodeIgniter\CodeIgniter->tryToRouteIt(Object(CodeIgniter\Router\RouteCollection))
 4 SYSTEMPATH\CodeIgniter.php(355): CodeIgniter\CodeIgniter->handleRequest(null, Object(Config\Cache), false)
 5 SYSTEMPATH\Boot.php(325): CodeIgniter\CodeIgniter->run()
 6 SYSTEMPATH\Boot.php(67): CodeIgniter\Boot::runCodeIgniter(Object(CodeIgniter\CodeIgniter))
 7 FCPATH\index.php(56): CodeIgniter\Boot::bootWeb(Object(Config\Paths))
 8 SYSTEMPATH\rewrite.php(44): require_once('C:\\laragon\\www\\bibliothèque\\public\\index.php')
CRITICAL - 2024-09-05 00:07:55 --> ErrorException: Undefined array key 1
[Method: GET, Route: client/RendreLivre/ajoutLivre]
in APPPATH\Controllers\Home.php on line 176.
 1 APPPATH\Controllers\Home.php(176): CodeIgniter\Debug\Exceptions->errorHandler(2, 'Undefined array key 1', 'C:\\laragon\\www\\bibliothèque\\app\\Controllers\\Home.php', 176)
 2 SYSTEMPATH\CodeIgniter.php(933): App\Controllers\Home->RendreLivre('ajoutLivre')
 3 SYSTEMPATH\CodeIgniter.php(509): CodeIgniter\CodeIgniter->runController(Object(App\Controllers\Home))
 4 SYSTEMPATH\CodeIgniter.php(355): CodeIgniter\CodeIgniter->handleRequest(null, Object(Config\Cache), false)
 5 SYSTEMPATH\Boot.php(325): CodeIgniter\CodeIgniter->run()
 6 SYSTEMPATH\Boot.php(67): CodeIgniter\Boot::runCodeIgniter(Object(CodeIgniter\CodeIgniter))
 7 FCPATH\index.php(56): CodeIgniter\Boot::bootWeb(Object(Config\Paths))
 8 SYSTEMPATH\rewrite.php(44): require_once('C:\\laragon\\www\\bibliothèque\\public\\index.php')
CRITICAL - 2024-09-05 00:08:31 --> ErrorException: Undefined array key 1
[Method: GET, Route: client/RendreLivre/ajoutLivre]
in APPPATH\Controllers\Home.php on line 176.
 1 APPPATH\Controllers\Home.php(176): CodeIgniter\Debug\Exceptions->errorHandler(2, 'Undefined array key 1', 'C:\\laragon\\www\\bibliothèque\\app\\Controllers\\Home.php', 176)
 2 SYSTEMPATH\CodeIgniter.php(933): App\Controllers\Home->RendreLivre('ajoutLivre')
 3 SYSTEMPATH\CodeIgniter.php(509): CodeIgniter\CodeIgniter->runController(Object(App\Controllers\Home))
 4 SYSTEMPATH\CodeIgniter.php(355): CodeIgniter\CodeIgniter->handleRequest(null, Object(Config\Cache), false)
 5 SYSTEMPATH\Boot.php(325): CodeIgniter\CodeIgniter->run()
 6 SYSTEMPATH\Boot.php(67): CodeIgniter\Boot::runCodeIgniter(Object(CodeIgniter\CodeIgniter))
 7 FCPATH\index.php(56): CodeIgniter\Boot::bootWeb(Object(Config\Paths))
 8 SYSTEMPATH\rewrite.php(44): require_once('C:\\laragon\\www\\bibliothèque\\public\\index.php')
CRITICAL - 2024-09-05 00:08:34 --> ErrorException: Undefined array key 1
[Method: GET, Route: client/RendreLivre/home]
in APPPATH\Controllers\Home.php on line 176.
 1 APPPATH\Controllers\Home.php(176): CodeIgniter\Debug\Exceptions->errorHandler(2, 'Undefined array key 1', 'C:\\laragon\\www\\bibliothèque\\app\\Controllers\\Home.php', 176)
 2 SYSTEMPATH\CodeIgniter.php(933): App\Controllers\Home->RendreLivre('home')
 3 SYSTEMPATH\CodeIgniter.php(509): CodeIgniter\CodeIgniter->runController(Object(App\Controllers\Home))
 4 SYSTEMPATH\CodeIgniter.php(355): CodeIgniter\CodeIgniter->handleRequest(null, Object(Config\Cache), false)
 5 SYSTEMPATH\Boot.php(325): CodeIgniter\CodeIgniter->run()
 6 SYSTEMPATH\Boot.php(67): CodeIgniter\Boot::runCodeIgniter(Object(CodeIgniter\CodeIgniter))
 7 FCPATH\index.php(56): CodeIgniter\Boot::bootWeb(Object(Config\Paths))
 8 SYSTEMPATH\rewrite.php(44): require_once('C:\\laragon\\www\\bibliothèque\\public\\index.php')
CRITICAL - 2024-09-05 00:12:09 --> ErrorException: Undefined array key 1
[Method: GET, Route: client/RendreLivre/home]
in APPPATH\Controllers\Home.php on line 176.
 1 APPPATH\Controllers\Home.php(176): CodeIgniter\Debug\Exceptions->errorHandler(2, 'Undefined array key 1', 'C:\\laragon\\www\\bibliothèque\\app\\Controllers\\Home.php', 176)
 2 SYSTEMPATH\CodeIgniter.php(933): App\Controllers\Home->RendreLivre('home')
 3 SYSTEMPATH\CodeIgniter.php(509): CodeIgniter\CodeIgniter->runController(Object(App\Controllers\Home))
 4 SYSTEMPATH\CodeIgniter.php(355): CodeIgniter\CodeIgniter->handleRequest(null, Object(Config\Cache), false)
 5 SYSTEMPATH\Boot.php(325): CodeIgniter\CodeIgniter->run()
 6 SYSTEMPATH\Boot.php(67): CodeIgniter\Boot::runCodeIgniter(Object(CodeIgniter\CodeIgniter))
 7 FCPATH\index.php(56): CodeIgniter\Boot::bootWeb(Object(Config\Paths))
 8 SYSTEMPATH\rewrite.php(44): require_once('C:\\laragon\\www\\bibliothèque\\public\\index.php')
CRITICAL - 2024-09-05 00:17:28 --> ErrorException: Undefined variable $clientclean
[Method: GET, Route: listeCleanClient]
in APPPATH\Views\listeCleanClient.php on line 143.
 1 APPPATH\Views\listeCleanClient.php(143): CodeIgniter\Debug\Exceptions->errorHandler(2, 'Undefined variable $clientclean', 'C:\\laragon\\www\\bibliothèque\\app\\Views\\listeCleanClient.php', 143)
 2 SYSTEMPATH\View\View.php(234): include('C:\\laragon\\www\\bibliothèque\\app\\Views\\listeCleanClient.php')
 3 SYSTEMPATH\View\View.php(237): CodeIgniter\View\View->CodeIgniter\View\{closure}()
 4 SYSTEMPATH\Common.php(1169): CodeIgniter\View\View->render('listeCleanClient', [], true)
 5 APPPATH\Controllers\Home.php(202): view('listeCleanClient', [...])
 6 SYSTEMPATH\CodeIgniter.php(933): App\Controllers\Home->listeCleanClient()
 7 SYSTEMPATH\CodeIgniter.php(509): CodeIgniter\CodeIgniter->runController(Object(App\Controllers\Home))
 8 SYSTEMPATH\CodeIgniter.php(355): CodeIgniter\CodeIgniter->handleRequest(null, Object(Config\Cache), false)
 9 SYSTEMPATH\Boot.php(325): CodeIgniter\CodeIgniter->run()
10 SYSTEMPATH\Boot.php(67): CodeIgniter\Boot::runCodeIgniter(Object(CodeIgniter\CodeIgniter))
11 FCPATH\index.php(56): CodeIgniter\Boot::bootWeb(Object(Config\Paths))
12 SYSTEMPATH\rewrite.php(44): require_once('C:\\laragon\\www\\bibliothèque\\public\\index.php')
INFO - 2024-09-05 00:24:30 --> Session: Class initialized using 'CodeIgniter\Session\Handlers\FileHandler' driver.
CRITICAL - 2024-09-05 00:46:52 --> CodeIgniter\HTTP\Exceptions\BadRequestException: The URI you submitted has disallowed characters: "0000000044-Artemis Fowl , Mission polaire"
[Method: GET, Route: client/RendreLivre/0000000044-Artemis%20Fowl%20,%20Mission%20polaire]
in SYSTEMPATH\Router\Router.php on line 737.
 1 SYSTEMPATH\Router\Router.php(204): CodeIgniter\Router\Router->checkDisallowedChars('client/RendreLivre/0000000044-Artemis Fowl , Mission polaire')
 2 SYSTEMPATH\CodeIgniter.php(834): CodeIgniter\Router\Router->handle('client/RendreLivre/0000000044-Artemis Fowl , Mission polaire')
 3 SYSTEMPATH\CodeIgniter.php(457): CodeIgniter\CodeIgniter->tryToRouteIt(Object(CodeIgniter\Router\RouteCollection))
 4 SYSTEMPATH\CodeIgniter.php(355): CodeIgniter\CodeIgniter->handleRequest(null, Object(Config\Cache), false)
 5 SYSTEMPATH\Boot.php(325): CodeIgniter\CodeIgniter->run()
 6 SYSTEMPATH\Boot.php(67): CodeIgniter\Boot::runCodeIgniter(Object(CodeIgniter\CodeIgniter))
 7 FCPATH\index.php(56): CodeIgniter\Boot::bootWeb(Object(Config\Paths))
 8 SYSTEMPATH\rewrite.php(44): require_once('C:\\laragon\\www\\bibliothèque\\public\\index.php')
CRITICAL - 2024-09-05 00:47:57 --> CodeIgniter\HTTP\Exceptions\BadRequestException: The URI you submitted has disallowed characters: "0000000044-Artemis Fowl , Mission polaire"
[Method: GET, Route: client/RendreLivre/0000000044-Artemis%20Fowl%20,%20Mission%20polaire]
in SYSTEMPATH\Router\Router.php on line 737.
 1 SYSTEMPATH\Router\Router.php(204): CodeIgniter\Router\Router->checkDisallowedChars('client/RendreLivre/0000000044-Artemis Fowl , Mission polaire')
 2 SYSTEMPATH\CodeIgniter.php(834): CodeIgniter\Router\Router->handle('client/RendreLivre/0000000044-Artemis Fowl , Mission polaire')
 3 SYSTEMPATH\CodeIgniter.php(457): CodeIgniter\CodeIgniter->tryToRouteIt(Object(CodeIgniter\Router\RouteCollection))
 4 SYSTEMPATH\CodeIgniter.php(355): CodeIgniter\CodeIgniter->handleRequest(null, Object(Config\Cache), false)
 5 SYSTEMPATH\Boot.php(325): CodeIgniter\CodeIgniter->run()
 6 SYSTEMPATH\Boot.php(67): CodeIgniter\Boot::runCodeIgniter(Object(CodeIgniter\CodeIgniter))
 7 FCPATH\index.php(56): CodeIgniter\Boot::bootWeb(Object(Config\Paths))
 8 SYSTEMPATH\rewrite.php(44): require_once('C:\\laragon\\www\\bibliothèque\\public\\index.php')
INFO - 2024-09-05 00:49:04 --> Session: Class initialized using 'CodeIgniter\Session\Handlers\FileHandler' driver.
INFO - 2024-09-05 05:38:09 --> Session: Class initialized using 'CodeIgniter\Session\Handlers\FileHandler' driver.
CRITICAL - 2024-09-05 05:45:59 --> CodeIgniter\HTTP\Exceptions\BadRequestException: The URI you submitted has disallowed characters: "0000000045-Madelaine avant l'aube"
[Method: GET, Route: client/RendreLivre/0000000045-Madelaine%20avant%20l%27aube]
in SYSTEMPATH\Router\Router.php on line 737.
 1 SYSTEMPATH\Router\Router.php(204): CodeIgniter\Router\Router->checkDisallowedChars('client/RendreLivre/0000000045-Madelaine avant l\'aube')
 2 SYSTEMPATH\CodeIgniter.php(834): CodeIgniter\Router\Router->handle('client/RendreLivre/0000000045-Madelaine avant l\'aube')
 3 SYSTEMPATH\CodeIgniter.php(457): CodeIgniter\CodeIgniter->tryToRouteIt(Object(CodeIgniter\Router\RouteCollection))
 4 SYSTEMPATH\CodeIgniter.php(355): CodeIgniter\CodeIgniter->handleRequest(null, Object(Config\Cache), false)
 5 SYSTEMPATH\Boot.php(325): CodeIgniter\CodeIgniter->run()
 6 SYSTEMPATH\Boot.php(67): CodeIgniter\Boot::runCodeIgniter(Object(CodeIgniter\CodeIgniter))
 7 FCPATH\index.php(56): CodeIgniter\Boot::bootWeb(Object(Config\Paths))
 8 SYSTEMPATH\rewrite.php(44): require_once('C:\\laragon\\www\\bibliothèque\\public\\index.php')
CRITICAL - 2024-09-05 05:46:17 --> CodeIgniter\HTTP\Exceptions\BadRequestException: The URI you submitted has disallowed characters: "0000000045-Madelaine avant l'aube"
[Method: GET, Route: client/RendreLivre/0000000045-Madelaine%20avant%20l%27aube]
in SYSTEMPATH\Router\Router.php on line 737.
 1 SYSTEMPATH\Router\Router.php(204): CodeIgniter\Router\Router->checkDisallowedChars('client/RendreLivre/0000000045-Madelaine avant l\'aube')
 2 SYSTEMPATH\CodeIgniter.php(834): CodeIgniter\Router\Router->handle('client/RendreLivre/0000000045-Madelaine avant l\'aube')
 3 SYSTEMPATH\CodeIgniter.php(457): CodeIgniter\CodeIgniter->tryToRouteIt(Object(CodeIgniter\Router\RouteCollection))
 4 SYSTEMPATH\CodeIgniter.php(355): CodeIgniter\CodeIgniter->handleRequest(null, Object(Config\Cache), false)
 5 SYSTEMPATH\Boot.php(325): CodeIgniter\CodeIgniter->run()
 6 SYSTEMPATH\Boot.php(67): CodeIgniter\Boot::runCodeIgniter(Object(CodeIgniter\CodeIgniter))
 7 FCPATH\index.php(56): CodeIgniter\Boot::bootWeb(Object(Config\Paths))
 8 SYSTEMPATH\rewrite.php(44): require_once('C:\\laragon\\www\\bibliothèque\\public\\index.php')
CRITICAL - 2024-09-05 05:48:52 --> CodeIgniter\HTTP\Exceptions\BadRequestException: The URI you submitted has disallowed characters: "0000000048-Lova n'komabria"
[Method: GET, Route: client/RendreLivre/0000000048-Lova%20n%27komabria]
in SYSTEMPATH\Router\Router.php on line 737.
 1 SYSTEMPATH\Router\Router.php(204): CodeIgniter\Router\Router->checkDisallowedChars('client/RendreLivre/0000000048-Lova n\'komabria')
 2 SYSTEMPATH\CodeIgniter.php(834): CodeIgniter\Router\Router->handle('client/RendreLivre/0000000048-Lova n\'komabria')
 3 SYSTEMPATH\CodeIgniter.php(457): CodeIgniter\CodeIgniter->tryToRouteIt(Object(CodeIgniter\Router\RouteCollection))
 4 SYSTEMPATH\CodeIgniter.php(355): CodeIgniter\CodeIgniter->handleRequest(null, Object(Config\Cache), false)
 5 SYSTEMPATH\Boot.php(325): CodeIgniter\CodeIgniter->run()
 6 SYSTEMPATH\Boot.php(67): CodeIgniter\Boot::runCodeIgniter(Object(CodeIgniter\CodeIgniter))
 7 FCPATH\index.php(56): CodeIgniter\Boot::bootWeb(Object(Config\Paths))
 8 SYSTEMPATH\rewrite.php(44): require_once('C:\\laragon\\www\\bibliothèque\\public\\index.php')
CRITICAL - 2024-09-05 05:51:01 --> CodeIgniter\HTTP\Exceptions\BadRequestException: The URI you submitted has disallowed characters: "0000000048-Lova n'komabria"
[Method: GET, Route: client/RendreLivre/0000000048-Lova%20n%27komabria]
in SYSTEMPATH\Router\Router.php on line 737.
 1 SYSTEMPATH\Router\Router.php(204): CodeIgniter\Router\Router->checkDisallowedChars('client/RendreLivre/0000000048-Lova n\'komabria')
 2 SYSTEMPATH\CodeIgniter.php(834): CodeIgniter\Router\Router->handle('client/RendreLivre/0000000048-Lova n\'komabria')
 3 SYSTEMPATH\CodeIgniter.php(457): CodeIgniter\CodeIgniter->tryToRouteIt(Object(CodeIgniter\Router\RouteCollection))
 4 SYSTEMPATH\CodeIgniter.php(355): CodeIgniter\CodeIgniter->handleRequest(null, Object(Config\Cache), false)
 5 SYSTEMPATH\Boot.php(325): CodeIgniter\CodeIgniter->run()
 6 SYSTEMPATH\Boot.php(67): CodeIgniter\Boot::runCodeIgniter(Object(CodeIgniter\CodeIgniter))
 7 FCPATH\index.php(56): CodeIgniter\Boot::bootWeb(Object(Config\Paths))
 8 SYSTEMPATH\rewrite.php(44): require_once('C:\\laragon\\www\\bibliothèque\\public\\index.php')
INFO - 2024-09-05 06:00:38 --> Session: Class initialized using 'CodeIgniter\Session\Handlers\FileHandler' driver.
CRITICAL - 2024-09-05 06:02:09 --> ErrorException: Trying to access array offset on value of type null
[Method: GET, Route: client/RendreLivre/0000000045-Madelaine%20avant%20l%27aube]
in APPPATH\Controllers\Home.php on line 181.
 1 APPPATH\Controllers\Home.php(181): CodeIgniter\Debug\Exceptions->errorHandler(2, 'Trying to access array offset on value of type null', 'C:\\laragon\\www\\bibliothèque\\app\\Controllers\\Home.php', 181)
 2 SYSTEMPATH\CodeIgniter.php(933): App\Controllers\Home->RendreLivre('0000000045-Madelaine avant l\'aube')
 3 SYSTEMPATH\CodeIgniter.php(509): CodeIgniter\CodeIgniter->runController(Object(App\Controllers\Home))
 4 SYSTEMPATH\CodeIgniter.php(355): CodeIgniter\CodeIgniter->handleRequest(null, Object(Config\Cache), false)
 5 SYSTEMPATH\Boot.php(325): CodeIgniter\CodeIgniter->run()
 6 SYSTEMPATH\Boot.php(67): CodeIgniter\Boot::runCodeIgniter(Object(CodeIgniter\CodeIgniter))
 7 FCPATH\index.php(56): CodeIgniter\Boot::bootWeb(Object(Config\Paths))
 8 SYSTEMPATH\rewrite.php(44): require_once('C:\\laragon\\www\\bibliothèque\\public\\index.php')
INFO - 2024-09-05 06:25:44 --> Session: Class initialized using 'CodeIgniter\Session\Handlers\FileHandler' driver.
INFO - 2024-09-05 11:46:16 --> Session: Class initialized using 'CodeIgniter\Session\Handlers\FileHandler' driver.
