ERROR - 2024-08-30 13:08:51 --> Error connecting to the database: mysqli_sql_exception: Access denied for user 'root'@'localhost' (using password: YES) in C:\laragon\www\bibliothèque\system\Database\MySQLi\Connection.php:187
Stack trace:
#0 C:\laragon\www\bibliothèque\system\Database\MySQLi\Connection.php(187): mysqli->real_connect('localhost', 'root', 'root', 'bibliotheque', 3306, '', 0)
#1 C:\laragon\www\bibliothèque\system\Database\BaseConnection.php(421): CodeIgniter\Database\MySQLi\Connection->connect(false)
#2 C:\laragon\www\bibliothèque\system\Database\BaseConnection.php(616): CodeIgniter\Database\BaseConnection->initialize()
#3 C:\laragon\www\bibliothèque\system\Database\BaseBuilder.php(1644): CodeIgniter\Database\BaseConnection->query('SELECT *\nFROM `...', Array, false)
#4 C:\laragon\www\bibliothèque\system\Model.php(286): CodeIgniter\Database\BaseBuilder->get()
#5 C:\laragon\www\bibliothèque\system\BaseModel.php(676): CodeIgniter\Model->doFindAll(0, 0)
#6 C:\laragon\www\bibliothèque\app\Controllers\Home.php(11): CodeIgniter\BaseModel->findAll()
#7 C:\laragon\www\bibliothèque\system\CodeIgniter.php(933): App\Controllers\Home->index()
#8 C:\laragon\www\bibliothèque\system\CodeIgniter.php(509): CodeIgniter\CodeIgniter->runController(Object(App\Controllers\Home))
#9 C:\laragon\www\bibliothèque\system\CodeIgniter.php(355): CodeIgniter\CodeIgniter->handleRequest(NULL, Object(Config\Cache), false)
#10 C:\laragon\www\bibliothèque\system\Boot.php(325): CodeIgniter\CodeIgniter->run()
#11 C:\laragon\www\bibliothèque\system\Boot.php(67): CodeIgniter\Boot::runCodeIgniter(Object(CodeIgniter\CodeIgniter))
#12 C:\laragon\www\bibliothèque\public\index.php(56): CodeIgniter\Boot::bootWeb(Object(Config\Paths))
#13 C:\laragon\www\bibliothèque\system\rewrite.php(44): require_once('C:\\laragon\\www\\...')
#14 {main}

Next CodeIgniter\Database\Exceptions\DatabaseException: Access denied for user '****'@'localhost' (using password: YES) in C:\laragon\www\bibliothèque\system\Database\MySQLi\Connection.php:231
Stack trace:
#0 C:\laragon\www\bibliothèque\system\Database\BaseConnection.php(421): CodeIgniter\Database\MySQLi\Connection->connect(false)
#1 C:\laragon\www\bibliothèque\system\Database\BaseConnection.php(616): CodeIgniter\Database\BaseConnection->initialize()
#2 C:\laragon\www\bibliothèque\system\Database\BaseBuilder.php(1644): CodeIgniter\Database\BaseConnection->query('SELECT *\nFROM `...', Array, false)
#3 C:\laragon\www\bibliothèque\system\Model.php(286): CodeIgniter\Database\BaseBuilder->get()
#4 C:\laragon\www\bibliothèque\system\BaseModel.php(676): CodeIgniter\Model->doFindAll(0, 0)
#5 C:\laragon\www\bibliothèque\app\Controllers\Home.php(11): CodeIgniter\BaseModel->findAll()
#6 C:\laragon\www\bibliothèque\system\CodeIgniter.php(933): App\Controllers\Home->index()
#7 C:\laragon\www\bibliothèque\system\CodeIgniter.php(509): CodeIgniter\CodeIgniter->runController(Object(App\Controllers\Home))
#8 C:\laragon\www\bibliothèque\system\CodeIgniter.php(355): CodeIgniter\CodeIgniter->handleRequest(NULL, Object(Config\Cache), false)
#9 C:\laragon\www\bibliothèque\system\Boot.php(325): CodeIgniter\CodeIgniter->run()
#10 C:\laragon\www\bibliothèque\system\Boot.php(67): CodeIgniter\Boot::runCodeIgniter(Object(CodeIgniter\CodeIgniter))
#11 C:\laragon\www\bibliothèque\public\index.php(56): CodeIgniter\Boot::bootWeb(Object(Config\Paths))
#12 C:\laragon\www\bibliothèque\system\rewrite.php(44): require_once('C:\\laragon\\www\\...')
#13 {main}
CRITICAL - 2024-08-30 13:08:51 --> CodeIgniter\Database\Exceptions\DatabaseException: Unable to connect to the database.
Main connection [MySQLi]: Access denied for user '****'@'localhost' (using password: YES)
[Method: GET, Route: /]
in SYSTEMPATH\Database\BaseConnection.php on line 467.
 1 SYSTEMPATH\Database\BaseConnection.php(616): CodeIgniter\Database\BaseConnection->initialize()
 2 SYSTEMPATH\Database\BaseBuilder.php(1644): CodeIgniter\Database\BaseConnection->query('SELECT *
FROM `livres`', [], false)
 3 SYSTEMPATH\Model.php(286): CodeIgniter\Database\BaseBuilder->get()
 4 SYSTEMPATH\BaseModel.php(676): CodeIgniter\Model->doFindAll(0, 0)
 5 APPPATH\Controllers\Home.php(11): CodeIgniter\BaseModel->findAll()
 6 SYSTEMPATH\CodeIgniter.php(933): App\Controllers\Home->index()
 7 SYSTEMPATH\CodeIgniter.php(509): CodeIgniter\CodeIgniter->runController(Object(App\Controllers\Home))
 8 SYSTEMPATH\CodeIgniter.php(355): CodeIgniter\CodeIgniter->handleRequest(null, Object(Config\Cache), false)
 9 SYSTEMPATH\Boot.php(325): CodeIgniter\CodeIgniter->run()
10 SYSTEMPATH\Boot.php(67): CodeIgniter\Boot::runCodeIgniter(Object(CodeIgniter\CodeIgniter))
11 FCPATH\index.php(56): CodeIgniter\Boot::bootWeb(Object(Config\Paths))
12 SYSTEMPATH\rewrite.php(44): require_once('C:\\laragon\\www\\bibliothèque\\public\\index.php')
CRITICAL - 2024-08-30 13:17:39 --> ErrorException: Undefined variable $livre
[Method: GET, Route: /]
in APPPATH\Views\accueil.php on line 21.
 1 APPPATH\Views\accueil.php(21): CodeIgniter\Debug\Exceptions->errorHandler(2, 'Undefined variable $livre', 'C:\\laragon\\www\\bibliothèque\\app\\Views\\accueil.php', 21)
 2 SYSTEMPATH\View\View.php(234): include('C:\\laragon\\www\\bibliothèque\\app\\Views\\accueil.php')
 3 SYSTEMPATH\View\View.php(237): CodeIgniter\View\View->CodeIgniter\View\{closure}()
 4 SYSTEMPATH\Common.php(1169): CodeIgniter\View\View->render('accueil', [], true)
 5 APPPATH\Controllers\Home.php(13): view('accueil', [...])
 6 SYSTEMPATH\CodeIgniter.php(933): App\Controllers\Home->index()
 7 SYSTEMPATH\CodeIgniter.php(509): CodeIgniter\CodeIgniter->runController(Object(App\Controllers\Home))
 8 SYSTEMPATH\CodeIgniter.php(355): CodeIgniter\CodeIgniter->handleRequest(null, Object(Config\Cache), false)
 9 SYSTEMPATH\Boot.php(325): CodeIgniter\CodeIgniter->run()
10 SYSTEMPATH\Boot.php(67): CodeIgniter\Boot::runCodeIgniter(Object(CodeIgniter\CodeIgniter))
11 FCPATH\index.php(56): CodeIgniter\Boot::bootWeb(Object(Config\Paths))
12 SYSTEMPATH\rewrite.php(44): require_once('C:\\laragon\\www\\bibliothèque\\public\\index.php')
CRITICAL - 2024-08-30 13:18:03 --> ErrorException: Undefined variable $livre
[Method: GET, Route: /]
in APPPATH\Views\accueil.php on line 21.
 1 APPPATH\Views\accueil.php(21): CodeIgniter\Debug\Exceptions->errorHandler(2, 'Undefined variable $livre', 'C:\\laragon\\www\\bibliothèque\\app\\Views\\accueil.php', 21)
 2 SYSTEMPATH\View\View.php(234): include('C:\\laragon\\www\\bibliothèque\\app\\Views\\accueil.php')
 3 SYSTEMPATH\View\View.php(237): CodeIgniter\View\View->CodeIgniter\View\{closure}()
 4 SYSTEMPATH\Common.php(1169): CodeIgniter\View\View->render('accueil', [], true)
 5 APPPATH\Controllers\Home.php(13): view('accueil', [...])
 6 SYSTEMPATH\CodeIgniter.php(933): App\Controllers\Home->index()
 7 SYSTEMPATH\CodeIgniter.php(509): CodeIgniter\CodeIgniter->runController(Object(App\Controllers\Home))
 8 SYSTEMPATH\CodeIgniter.php(355): CodeIgniter\CodeIgniter->handleRequest(null, Object(Config\Cache), false)
 9 SYSTEMPATH\Boot.php(325): CodeIgniter\CodeIgniter->run()
10 SYSTEMPATH\Boot.php(67): CodeIgniter\Boot::runCodeIgniter(Object(CodeIgniter\CodeIgniter))
11 FCPATH\index.php(56): CodeIgniter\Boot::bootWeb(Object(Config\Paths))
12 SYSTEMPATH\rewrite.php(44): require_once('C:\\laragon\\www\\bibliothèque\\public\\index.php')
CRITICAL - 2024-08-30 13:18:04 --> ErrorException: Undefined variable $livre
[Method: GET, Route: /]
in APPPATH\Views\accueil.php on line 21.
 1 APPPATH\Views\accueil.php(21): CodeIgniter\Debug\Exceptions->errorHandler(2, 'Undefined variable $livre', 'C:\\laragon\\www\\bibliothèque\\app\\Views\\accueil.php', 21)
 2 SYSTEMPATH\View\View.php(234): include('C:\\laragon\\www\\bibliothèque\\app\\Views\\accueil.php')
 3 SYSTEMPATH\View\View.php(237): CodeIgniter\View\View->CodeIgniter\View\{closure}()
 4 SYSTEMPATH\Common.php(1169): CodeIgniter\View\View->render('accueil', [], true)
 5 APPPATH\Controllers\Home.php(13): view('accueil', [...])
 6 SYSTEMPATH\CodeIgniter.php(933): App\Controllers\Home->index()
 7 SYSTEMPATH\CodeIgniter.php(509): CodeIgniter\CodeIgniter->runController(Object(App\Controllers\Home))
 8 SYSTEMPATH\CodeIgniter.php(355): CodeIgniter\CodeIgniter->handleRequest(null, Object(Config\Cache), false)
 9 SYSTEMPATH\Boot.php(325): CodeIgniter\CodeIgniter->run()
10 SYSTEMPATH\Boot.php(67): CodeIgniter\Boot::runCodeIgniter(Object(CodeIgniter\CodeIgniter))
11 FCPATH\index.php(56): CodeIgniter\Boot::bootWeb(Object(Config\Paths))
12 SYSTEMPATH\rewrite.php(44): require_once('C:\\laragon\\www\\bibliothèque\\public\\index.php')
CRITICAL - 2024-08-30 13:19:34 --> ErrorException: Undefined variable $livre
[Method: GET, Route: /]
in APPPATH\Views\accueil.php on line 21.
 1 APPPATH\Views\accueil.php(21): CodeIgniter\Debug\Exceptions->errorHandler(2, 'Undefined variable $livre', 'C:\\laragon\\www\\bibliothèque\\app\\Views\\accueil.php', 21)
 2 SYSTEMPATH\View\View.php(234): include('C:\\laragon\\www\\bibliothèque\\app\\Views\\accueil.php')
 3 SYSTEMPATH\View\View.php(237): CodeIgniter\View\View->CodeIgniter\View\{closure}()
 4 SYSTEMPATH\Common.php(1169): CodeIgniter\View\View->render('accueil', [], true)
 5 APPPATH\Controllers\Home.php(13): view('accueil', [...])
 6 SYSTEMPATH\CodeIgniter.php(933): App\Controllers\Home->index()
 7 SYSTEMPATH\CodeIgniter.php(509): CodeIgniter\CodeIgniter->runController(Object(App\Controllers\Home))
 8 SYSTEMPATH\CodeIgniter.php(355): CodeIgniter\CodeIgniter->handleRequest(null, Object(Config\Cache), false)
 9 SYSTEMPATH\Boot.php(325): CodeIgniter\CodeIgniter->run()
10 SYSTEMPATH\Boot.php(67): CodeIgniter\Boot::runCodeIgniter(Object(CodeIgniter\CodeIgniter))
11 FCPATH\index.php(56): CodeIgniter\Boot::bootWeb(Object(Config\Paths))
12 SYSTEMPATH\rewrite.php(44): require_once('C:\\laragon\\www\\bibliothèque\\public\\index.php')
CRITICAL - 2024-08-30 13:21:44 --> CodeIgniter\View\Exceptions\ViewException: Invalid file: "accueil.php"
[Method: GET, Route: /]
in SYSTEMPATH\Exceptions\FrameworkException.php on line 41.
 1 SYSTEMPATH\View\View.php(222): CodeIgniter\Exceptions\FrameworkException::forInvalidFile('accueil.php')
 2 SYSTEMPATH\Common.php(1169): CodeIgniter\View\View->render('accueil', [], true)
 3 APPPATH\Controllers\Home.php(13): view('accueil', [...])
 4 SYSTEMPATH\CodeIgniter.php(933): App\Controllers\Home->index()
 5 SYSTEMPATH\CodeIgniter.php(509): CodeIgniter\CodeIgniter->runController(Object(App\Controllers\Home))
 6 SYSTEMPATH\CodeIgniter.php(355): CodeIgniter\CodeIgniter->handleRequest(null, Object(Config\Cache), false)
 7 SYSTEMPATH\Boot.php(325): CodeIgniter\CodeIgniter->run()
 8 SYSTEMPATH\Boot.php(67): CodeIgniter\Boot::runCodeIgniter(Object(CodeIgniter\CodeIgniter))
 9 FCPATH\index.php(56): CodeIgniter\Boot::bootWeb(Object(Config\Paths))
10 SYSTEMPATH\rewrite.php(44): require_once('C:\\laragon\\www\\bibliothèque\\public\\index.php')
CRITICAL - 2024-08-30 13:41:15 --> ArgumentCountError: Too few arguments to function App\Controllers\Home::delete(), 0 passed in C:\laragon\www\bibliothèque\system\CodeIgniter.php on line 933 and exactly 1 expected
[Method: GET, Route: user/delete/0000000001]
in APPPATH\Controllers\Home.php on line 18.
 1 SYSTEMPATH\CodeIgniter.php(933): App\Controllers\Home->delete()
 2 SYSTEMPATH\CodeIgniter.php(509): CodeIgniter\CodeIgniter->runController(Object(App\Controllers\Home))
 3 SYSTEMPATH\CodeIgniter.php(355): CodeIgniter\CodeIgniter->handleRequest(null, Object(Config\Cache), false)
 4 SYSTEMPATH\Boot.php(325): CodeIgniter\CodeIgniter->run()
 5 SYSTEMPATH\Boot.php(67): CodeIgniter\Boot::runCodeIgniter(Object(CodeIgniter\CodeIgniter))
 6 FCPATH\index.php(56): CodeIgniter\Boot::bootWeb(Object(Config\Paths))
 7 SYSTEMPATH\rewrite.php(44): require_once('C:\\laragon\\www\\bibliothèque\\public\\index.php')
CRITICAL - 2024-08-30 16:59:09 --> ArgumentCountError: Too few arguments to function App\Controllers\Home::delete(), 0 passed in C:\laragon\www\bibliothèque\system\CodeIgniter.php on line 933 and exactly 1 expected
[Method: GET, Route: user/delete/0000000001]
in APPPATH\Controllers\Home.php on line 18.
 1 SYSTEMPATH\CodeIgniter.php(933): App\Controllers\Home->delete()
 2 SYSTEMPATH\CodeIgniter.php(509): CodeIgniter\CodeIgniter->runController(Object(App\Controllers\Home))
 3 SYSTEMPATH\CodeIgniter.php(355): CodeIgniter\CodeIgniter->handleRequest(null, Object(Config\Cache), false)
 4 SYSTEMPATH\Boot.php(325): CodeIgniter\CodeIgniter->run()
 5 SYSTEMPATH\Boot.php(67): CodeIgniter\Boot::runCodeIgniter(Object(CodeIgniter\CodeIgniter))
 6 FCPATH\index.php(56): CodeIgniter\Boot::bootWeb(Object(Config\Paths))
 7 SYSTEMPATH\rewrite.php(44): require_once('C:\\laragon\\www\\bibliothèque\\public\\index.php')
CRITICAL - 2024-08-30 17:40:02 --> ErrorException: Undefined variable $livres
[Method: GET, Route: user/delete/0000000003]
in APPPATH\Controllers\Home.php on line 22.
 1 APPPATH\Controllers\Home.php(22): CodeIgniter\Debug\Exceptions->errorHandler(2, 'Undefined variable $livres', 'C:\\laragon\\www\\bibliothèque\\app\\Controllers\\Home.php', 22)
 2 SYSTEMPATH\CodeIgniter.php(933): App\Controllers\Home->delete('1')
 3 SYSTEMPATH\CodeIgniter.php(509): CodeIgniter\CodeIgniter->runController(Object(App\Controllers\Home))
 4 SYSTEMPATH\CodeIgniter.php(355): CodeIgniter\CodeIgniter->handleRequest(null, Object(Config\Cache), false)
 5 SYSTEMPATH\Boot.php(325): CodeIgniter\CodeIgniter->run()
 6 SYSTEMPATH\Boot.php(67): CodeIgniter\Boot::runCodeIgniter(Object(CodeIgniter\CodeIgniter))
 7 FCPATH\index.php(56): CodeIgniter\Boot::bootWeb(Object(Config\Paths))
 8 SYSTEMPATH\rewrite.php(44): require_once('C:\\laragon\\www\\bibliothèque\\public\\index.php')
INFO - 2024-08-30 17:41:20 --> Session: Class initialized using 'CodeIgniter\Session\Handlers\FileHandler' driver.
INFO - 2024-08-30 17:41:22 --> Session: Class initialized using 'CodeIgniter\Session\Handlers\FileHandler' driver.
INFO - 2024-08-30 17:41:32 --> Session: Class initialized using 'CodeIgniter\Session\Handlers\FileHandler' driver.
